This is pdfTeX, Version 3.14159265-2.6-1.40.20 (TeX Live 2019/Debian) (preloaded format=pdflatex 2020.3.23)  5 JUN 2020 17:30
entering extended mode
 restricted \write18 enabled.
 file:line:error style messages enabled.
 %&-line parsing enabled.
**/home/user/Documents/UAVMASArch/UAVMASArchDocs/eindwerk/eindwerk.tex
(/home/user/Documents/UAVMASArch/UAVMASArchDocs/eindwerk/eindwerk.tex
LaTeX2e <2020-02-02> patch level 5
L3 programming layer <2020-02-25> (/usr/share/texlive/texmf-dist/tex/latex/base/article.cls
Document Class: article 2019/12/20 v1.4l Standard LaTeX document class
(/usr/share/texlive/texmf-dist/tex/latex/base/size12.clo
File: size12.clo 2019/12/20 v1.4l Standard LaTeX file (size option)
)
\c@part=\count167
\c@section=\count168
\c@subsection=\count169
\c@subsubsection=\count170
\c@paragraph=\count171
\c@subparagraph=\count172
\c@figure=\count173
\c@table=\count174
\abovecaptionskip=\skip47
\belowcaptionskip=\skip48
\bibindent=\dimen134
) (/usr/share/texlive/texmf-dist/tex/generic/babel/babel.sty
Package: babel 2020/02/28 3.41 The Babel package
 (/usr/share/texlive/texmf-dist/tex/generic/babel/switch.def
File: switch.def 2020/02/28 3.41 Babel switching mechanism
) (/usr/share/texlive/texmf-dist/tex/generic/babel-english/english.ldf
Language: english 2017/06/06 v3.3r English support from the babel system
 (/usr/share/texlive/texmf-dist/tex/generic/babel/babel.def
File: babel.def 2020/02/28 3.41 Babel common definitions
\babel@savecnt=\count175
\U@D=\dimen135
 (/usr/share/texlive/texmf-dist/tex/generic/babel/txtbabel.def)
\bbl@readstream=\read2
\bbl@dirlevel=\count176
)
Package babel Info: \l@british = using hyphenrules for english
(babel)             (\language0) on input line 82.
Package babel Info: \l@UKenglish = using hyphenrules for english
(babel)             (\language0) on input line 83.
Package babel Info: \l@canadian = using hyphenrules for english
(babel)             (\language0) on input line 102.
Package babel Info: \l@australian = using hyphenrules for english
(babel)             (\language0) on input line 105.
Package babel Info: \l@newzealand = using hyphenrules for english
(babel)             (\language0) on input line 108.
)) (/usr/share/texlive/texmf-dist/tex/latex/natbib/natbib.sty
Package: natbib 2010/09/13 8.31b (PWD, AO)
\bibhang=\skip49
\bibsep=\skip50
LaTeX Info: Redefining \cite on input line 694.
\c@NAT@ctr=\count177
) (/usr/share/texlive/texmf-dist/tex/latex/parskip/parskip.sty
Package: parskip 2020-01-22 v2.0d non-zero parskip adjustments
 (/usr/share/texlive/texmf-dist/tex/latex/kvoptions/kvoptions.sty
Package: kvoptions 2019/11/29 v3.13 Key value format for package options (HO)
 (/usr/share/texlive/texmf-dist/tex/latex/graphics/keyval.sty
Package: keyval 2014/10/28 v1.15 key=value parser (DPC)
\KV@toks@=\toks15
) (/usr/share/texlive/texmf-dist/tex/generic/ltxcmds/ltxcmds.sty
Package: ltxcmds 2019/12/15 v1.24 LaTeX kernel commands for general use (HO)
) (/usr/share/texlive/texmf-dist/tex/generic/kvsetkeys/kvsetkeys.sty
Package: kvsetkeys 2019/12/15 v1.18 Key value parser (HO)
)) (/usr/share/texlive/texmf-dist/tex/latex/etoolbox/etoolbox.sty
Package: etoolbox 2019/09/21 v2.5h e-TeX tools for LaTeX (JAW)
\etb@tempcnta=\count178
)) (/usr/share/texlive/texmf-dist/tex/latex/base/inputenc.sty
Package: inputenc 2018/08/11 v1.3c Input encoding file
\inpenc@prehook=\toks16
\inpenc@posthook=\toks17
) (/usr/share/texlive/texmf-dist/tex/latex/a4wide/a4wide.sty
Package: a4wide 1994/08/30
 (/usr/share/texlive/texmf-dist/tex/latex/ntgclass/a4.sty
Package: a4 2020/02/18 v1.2g A4 based page layout
)) (/usr/share/texlive/texmf-dist/tex/latex/graphics/graphicx.sty
Package: graphicx 2019/11/30 v1.2a Enhanced LaTeX Graphics (DPC,SPQR)
 (/usr/share/texlive/texmf-dist/tex/latex/graphics/graphics.sty
Package: graphics 2019/11/30 v1.4a Standard LaTeX Graphics (DPC,SPQR)
 (/usr/share/texlive/texmf-dist/tex/latex/graphics/trig.sty
Package: trig 2016/01/03 v1.10 sin cos tan (DPC)
) (/usr/share/texlive/texmf-dist/tex/latex/graphics-cfg/graphics.cfg
File: graphics.cfg 2016/06/04 v1.11 sample graphics configuration
)
Package graphics Info: Driver file: pdftex.def on input line 105.
 (/usr/share/texlive/texmf-dist/tex/latex/graphics-def/pdftex.def
File: pdftex.def 2018/01/08 v1.0l Graphics/color driver for pdftex
))
\Gin@req@height=\dimen136
\Gin@req@width=\dimen137
) (/usr/share/texlive/texmf-dist/tex/latex/tools/tabularx.sty
Package: tabularx 2020/01/15 v2.11c `tabularx' package (DPC)
 (/usr/share/texlive/texmf-dist/tex/latex/tools/array.sty
Package: array 2019/08/31 v2.4l Tabular extension package (FMi)
\col@sep=\dimen138
\ar@mcellbox=\box45
\extrarowheight=\dimen139
\NC@list=\toks18
\extratabsurround=\skip51
\backup@length=\skip52
\ar@cellbox=\box46
)
\TX@col@width=\dimen140
\TX@old@table=\dimen141
\TX@old@col=\dimen142
\TX@target=\dimen143
\TX@delta=\dimen144
\TX@cols=\count179
\TX@ftn=\toks19
) (/usr/share/texmf/tex/latex/lm/lmodern.sty
Package: lmodern 2009/10/30 v1.6 Latin Modern Fonts
LaTeX Font Info:    Overwriting symbol font `operators' in version `normal'
(Font)                  OT1/cmr/m/n --> OT1/lmr/m/n on input line 22.
LaTeX Font Info:    Overwriting symbol font `letters' in version `normal'
(Font)                  OML/cmm/m/it --> OML/lmm/m/it on input line 23.
LaTeX Font Info:    Overwriting symbol font `symbols' in version `normal'
(Font)                  OMS/cmsy/m/n --> OMS/lmsy/m/n on input line 24.
LaTeX Font Info:    Overwriting symbol font `largesymbols' in version `normal'
(Font)                  OMX/cmex/m/n --> OMX/lmex/m/n on input line 25.
LaTeX Font Info:    Overwriting symbol font `operators' in version `bold'
(Font)                  OT1/cmr/bx/n --> OT1/lmr/bx/n on input line 26.
LaTeX Font Info:    Overwriting symbol font `letters' in version `bold'
(Font)                  OML/cmm/b/it --> OML/lmm/b/it on input line 27.
LaTeX Font Info:    Overwriting symbol font `symbols' in version `bold'
(Font)                  OMS/cmsy/b/n --> OMS/lmsy/b/n on input line 28.
LaTeX Font Info:    Overwriting symbol font `largesymbols' in version `bold'
(Font)                  OMX/cmex/m/n --> OMX/lmex/m/n on input line 29.
LaTeX Font Info:    Overwriting math alphabet `\mathbf' in version `normal'
(Font)                  OT1/cmr/bx/n --> OT1/lmr/bx/n on input line 31.
LaTeX Font Info:    Overwriting math alphabet `\mathsf' in version `normal'
(Font)                  OT1/cmss/m/n --> OT1/lmss/m/n on input line 32.
LaTeX Font Info:    Overwriting math alphabet `\mathit' in version `normal'
(Font)                  OT1/cmr/m/it --> OT1/lmr/m/it on input line 33.
LaTeX Font Info:    Overwriting math alphabet `\mathtt' in version `normal'
(Font)                  OT1/cmtt/m/n --> OT1/lmtt/m/n on input line 34.
LaTeX Font Info:    Overwriting math alphabet `\mathbf' in version `bold'
(Font)                  OT1/cmr/bx/n --> OT1/lmr/bx/n on input line 35.
LaTeX Font Info:    Overwriting math alphabet `\mathsf' in version `bold'
(Font)                  OT1/cmss/bx/n --> OT1/lmss/bx/n on input line 36.
LaTeX Font Info:    Overwriting math alphabet `\mathit' in version `bold'
(Font)                  OT1/cmr/bx/it --> OT1/lmr/bx/it on input line 37.
LaTeX Font Info:    Overwriting math alphabet `\mathtt' in version `bold'
(Font)                  OT1/cmtt/m/n --> OT1/lmtt/m/n on input line 38.
) (/usr/share/texlive/texmf-dist/tex/latex/hyperref/hyperref.sty
Package: hyperref 2020/01/14 v7.00d Hypertext links for LaTeX
 (/usr/share/texlive/texmf-dist/tex/generic/iftex/iftex.sty
Package: iftex 2019/11/07 v1.0c TeX engine tests
) (/usr/share/texlive/texmf-dist/tex/latex/pdftexcmds/pdftexcmds.sty
Package: pdftexcmds 2019/11/24 v0.31 Utility functions of pdfTeX for LuaTeX (HO)
 (/usr/share/texlive/texmf-dist/tex/generic/infwarerr/infwarerr.sty
Package: infwarerr 2019/12/03 v1.5 Providing info/warning/error messages (HO)
)
Package pdftexcmds Info: \pdf@primitive is available.
Package pdftexcmds Info: \pdf@ifprimitive is available.
Package pdftexcmds Info: \pdfdraftmode found.
) (/usr/share/texlive/texmf-dist/tex/generic/kvdefinekeys/kvdefinekeys.sty
Package: kvdefinekeys 2019-12-19 v1.6 Define keys (HO)
) (/usr/share/texlive/texmf-dist/tex/generic/pdfescape/pdfescape.sty
Package: pdfescape 2019/12/09 v1.15 Implements pdfTeX's escape features (HO)
) (/usr/share/texlive/texmf-dist/tex/latex/hycolor/hycolor.sty
Package: hycolor 2020-01-27 v1.10 Color options for hyperref/bookmark (HO)
) (/usr/share/texlive/texmf-dist/tex/latex/letltxmacro/letltxmacro.sty
Package: letltxmacro 2019/12/03 v1.6 Let assignment for LaTeX macros (HO)
) (/usr/share/texlive/texmf-dist/tex/latex/auxhook/auxhook.sty
Package: auxhook 2019-12-17 v1.6 Hooks for auxiliary files (HO)
)
\@linkdim=\dimen145
\Hy@linkcounter=\count180
\Hy@pagecounter=\count181
 (/usr/share/texlive/texmf-dist/tex/latex/hyperref/pd1enc.def
File: pd1enc.def 2020/01/14 v7.00d Hyperref: PDFDocEncoding definition (HO)
Now handling font encoding PD1 ...
... no UTF-8 mapping file for font encoding PD1
) (/usr/share/texlive/texmf-dist/tex/generic/intcalc/intcalc.sty
Package: intcalc 2019/12/15 v1.3 Expandable calculations with integers (HO)
) (/usr/share/texlive/texmf-dist/tex/generic/etexcmds/etexcmds.sty
Package: etexcmds 2019/12/15 v1.7 Avoid name clashes with e-TeX commands (HO)
)
\Hy@SavedSpaceFactor=\count182
\pdfmajorversion=\count183
Package hyperref Info: Hyper figures OFF on input line 4547.
Package hyperref Info: Link nesting OFF on input line 4552.
Package hyperref Info: Hyper index ON on input line 4555.
Package hyperref Info: Plain pages OFF on input line 4562.
Package hyperref Info: Backreferencing OFF on input line 4567.
Package hyperref Info: Implicit mode ON; LaTeX internals redefined.
Package hyperref Info: Bookmarks ON on input line 4800.
\c@Hy@tempcnt=\count184
 (/usr/share/texlive/texmf-dist/tex/latex/url/url.sty
\Urlmuskip=\muskip16
Package: url 2013/09/16  ver 3.4  Verb mode for urls, etc.
)
LaTeX Info: Redefining \url on input line 5159.
\XeTeXLinkMargin=\dimen146
 (/usr/share/texlive/texmf-dist/tex/generic/bitset/bitset.sty
Package: bitset 2019/12/09 v1.3 Handle bit-vector datatype (HO)
 (/usr/share/texlive/texmf-dist/tex/generic/bigintcalc/bigintcalc.sty
Package: bigintcalc 2019/12/15 v1.5 Expandable calculations on big integers (HO)
))
\Fld@menulength=\count185
\Field@Width=\dimen147
\Fld@charsize=\dimen148
Package hyperref Info: Hyper figures OFF on input line 6430.
Package hyperref Info: Link nesting OFF on input line 6435.
Package hyperref Info: Hyper index ON on input line 6438.
Package hyperref Info: backreferencing OFF on input line 6445.
Package hyperref Info: Link coloring OFF on input line 6450.
Package hyperref Info: Link coloring with OCG OFF on input line 6455.
Package hyperref Info: PDF/A mode OFF on input line 6460.
LaTeX Info: Redefining \ref on input line 6500.
LaTeX Info: Redefining \pageref on input line 6504.
 (/usr/share/texlive/texmf-dist/tex/generic/atbegshi/atbegshi.sty
Package: atbegshi 2019/12/05 v1.19 At begin shipout hook (HO)
)
\Hy@abspage=\count186
\c@Item=\count187
\c@Hfootnote=\count188
)
Package hyperref Info: Driver (autodetected): hpdftex.
 (/usr/share/texlive/texmf-dist/tex/latex/hyperref/hpdftex.def
File: hpdftex.def 2020/01/14 v7.00d Hyperref driver for pdfTeX
 (/usr/share/texlive/texmf-dist/tex/latex/atveryend/atveryend.sty
Package: atveryend 2019-12-11 v1.11 Hooks at the very end of document (HO)
)
\Fld@listcount=\count189
\c@bookmark@seq@number=\count190
 (/usr/share/texlive/texmf-dist/tex/latex/rerunfilecheck/rerunfilecheck.sty
Package: rerunfilecheck 2019/12/05 v1.9 Rerun checks for auxiliary files (HO)
 (/usr/share/texlive/texmf-dist/tex/generic/uniquecounter/uniquecounter.sty
Package: uniquecounter 2019/12/15 v1.4 Provide unlimited unique counter (HO)
)
Package uniquecounter Info: New unique counter `rerunfilecheck' on input line 286.
)
\Hy@SectionHShift=\skip53
) (/usr/share/texlive/texmf-dist/tex/latex/tocbibind/tocbibind.sty
Package: tocbibind 2010/10/13 v1.5k extra ToC listings
Package tocbibind Info: The document has section divisions on input line 50.


Package tocbibind Note: Using section or other style headings.

) (/usr/share/texlive/texmf-dist/tex/latex/titlesec/titlesec.sty
Package: titlesec 2019/10/16 v2.13 Sectioning titles
\ttl@box=\box47
\beforetitleunit=\skip54
\aftertitleunit=\skip55
\ttl@plus=\dimen149
\ttl@minus=\dimen150
\ttl@toksa=\toks20
\titlewidth=\dimen151
\titlewidthlast=\dimen152
\titlewidthfirst=\dimen153
) (/usr/share/texlive/texmf-dist/tex/latex/fancyvrb/fancyvrb.sty
Package: fancyvrb 2020/01/13 v3.5 verbatim text (tvz,hv)
\FV@CodeLineNo=\count191
\FV@InFile=\read3
\FV@TabBox=\box48
\c@FancyVerbLine=\count192
\FV@StepNumber=\count193
\FV@OutFile=\write3
) (/usr/share/texlive/texmf-dist/tex/latex/outlines/outlines.sty
Package: outlines 2012/1/23 1.1 Ch. Pecheur
 (/usr/share/texlive/texmf-dist/tex/latex/base/ifthen.sty
Package: ifthen 2014/09/29 v1.1c Standard LaTeX ifthen package (DPC)
)) (/usr/share/texlive/texmf-dist/tex/latex/fancyhdr/fancyhdr.sty
Package: fancyhdr 2019/01/31 v3.10 Extensive control of page headers and footers
\f@nch@headwidth=\skip56
\f@nch@O@elh=\skip57
\f@nch@O@erh=\skip58
\f@nch@O@olh=\skip59
\f@nch@O@orh=\skip60
\f@nch@O@elf=\skip61
\f@nch@O@erf=\skip62
\f@nch@O@olf=\skip63
\f@nch@O@orf=\skip64
) (/usr/share/texlive/texmf-dist/tex/latex/xcolor/xcolor.sty
Package: xcolor 2016/05/11 v2.12 LaTeX color extensions (UK)
 (/usr/share/texlive/texmf-dist/tex/latex/graphics-cfg/color.cfg
File: color.cfg 2016/01/02 v1.6 sample color configuration
)
Package xcolor Info: Driver file: pdftex.def on input line 225.
Package xcolor Info: Model `cmy' substituted by `cmy0' on input line 1348.
Package xcolor Info: Model `hsb' substituted by `rgb' on input line 1352.
Package xcolor Info: Model `RGB' extended on input line 1364.
Package xcolor Info: Model `HTML' substituted by `rgb' on input line 1366.
Package xcolor Info: Model `Hsb' substituted by `hsb' on input line 1367.
Package xcolor Info: Model `tHsb' substituted by `hsb' on input line 1368.
Package xcolor Info: Model `HSB' substituted by `hsb' on input line 1369.
Package xcolor Info: Model `Gray' substituted by `gray' on input line 1370.
Package xcolor Info: Model `wave' substituted by `hsb' on input line 1371.
) (/usr/share/texlive/texmf-dist/tex/latex/acronym/acronym.sty
Package: acronym 2019/11/11 v1.42 Support for acronyms (Tobias Oetiker)
 (/usr/share/texlive/texmf-dist/tex/latex/bigfoot/suffix.sty
Package: suffix 2006/07/15 1.5a Variant command support
) (/usr/share/texlive/texmf-dist/tex/generic/xstring/xstring.sty (/usr/share/texlive/texmf-dist/tex/generic/xstring/xstring.tex
\integerpart=\count194
\decimalpart=\count195
)
Package: xstring 2019/02/06 v1.83 String manipulations (CT)
)
\AC@clearlist=\toks21
)
Package hyperref Info: Option `colorlinks' set `true' on input line 31.
 (/usr/share/texlive/texmf-dist/tex/latex/l3backend/l3backend-pdfmode.def
File: l3backend-pdfmode.def 2020-02-23 L3 backend support: PDF mode
\l__kernel_color_stack_int=\count196
\l__pdf_internal_box=\box49
) (/home/user/Documents/UAVMASArch/UAVMASArchDocs/eindwerk/eindwerk.aux)
\openout1 = `eindwerk.aux'.

LaTeX Font Info:    Checking defaults for OML/cmm/m/it on input line 53.
LaTeX Font Info:    ... okay on input line 53.
LaTeX Font Info:    Checking defaults for OMS/cmsy/m/n on input line 53.
LaTeX Font Info:    ... okay on input line 53.
LaTeX Font Info:    Checking defaults for OT1/cmr/m/n on input line 53.
LaTeX Font Info:    ... okay on input line 53.
LaTeX Font Info:    Checking defaults for T1/cmr/m/n on input line 53.
LaTeX Font Info:    ... okay on input line 53.
LaTeX Font Info:    Checking defaults for TS1/cmr/m/n on input line 53.
LaTeX Font Info:    ... okay on input line 53.
LaTeX Font Info:    Checking defaults for OMX/cmex/m/n on input line 53.
LaTeX Font Info:    ... okay on input line 53.
LaTeX Font Info:    Checking defaults for U/cmr/m/n on input line 53.
LaTeX Font Info:    ... okay on input line 53.
LaTeX Font Info:    Checking defaults for PD1/pdf/m/n on input line 53.
LaTeX Font Info:    ... okay on input line 53.
LaTeX Font Info:    Trying to load font information for OT1+lmr on input line 53.
 (/usr/share/texmf/tex/latex/lm/ot1lmr.fd
File: ot1lmr.fd 2009/10/30 v1.6 Font defs for Latin Modern
) (/usr/share/texlive/texmf-dist/tex/context/base/mkii/supp-pdf.mkii
[Loading MPS to PDF converter (version 2006.09.02).]
\scratchcounter=\count197
\scratchdimen=\dimen154
\scratchbox=\box50
\nofMPsegments=\count198
\nofMParguments=\count199
\everyMPshowfont=\toks22
\MPscratchCnt=\count266
\MPscratchDim=\dimen155
\MPnumerator=\count267
\makeMPintoPDFobject=\count268
\everyMPtoPDFconversion=\toks23
) (/usr/share/texlive/texmf-dist/tex/latex/epstopdf-pkg/epstopdf-base.sty
Package: epstopdf-base 2020-01-24 v2.11 Base part for package epstopdf
Package epstopdf-base Info: Redefining graphics rule for `.eps' on input line 485.
 (/usr/share/texlive/texmf-dist/tex/latex/latexconfig/epstopdf-sys.cfg
File: epstopdf-sys.cfg 2010/07/13 v1.3 Configuration of (r)epstopdf for TeX Live
))
\AtBeginShipoutBox=\box51
Package hyperref Info: Link coloring ON on input line 53.
 (/usr/share/texlive/texmf-dist/tex/latex/hyperref/nameref.sty
Package: nameref 2019/09/16 v2.46 Cross-referencing by name of section
 (/usr/share/texlive/texmf-dist/tex/latex/refcount/refcount.sty
Package: refcount 2019/12/15 v3.6 Data extraction from label references (HO)
) (/usr/share/texlive/texmf-dist/tex/generic/gettitlestring/gettitlestring.sty
Package: gettitlestring 2019/12/15 v1.6 Cleanup title references (HO)
)
\c@section@level=\count269
)
LaTeX Info: Redefining \ref on input line 53.
LaTeX Info: Redefining \pageref on input line 53.
LaTeX Info: Redefining \nameref on input line 53.
 (/home/user/Documents/UAVMASArch/UAVMASArchDocs/eindwerk/eindwerk.out) (/home/user/Documents/UAVMASArch/UAVMASArchDocs/eindwerk/eindwerk.out)
\@outlinefile=\write4
\openout4 = `eindwerk.out'.

 (/home/user/Documents/UAVMASArch/UAVMASArchDocs/eindwerk/titlepage.tex
<images/logo_pxl_digital.png, id=203, 931.0785pt x 281.1303pt>
File: images/logo_pxl_digital.png Graphic file (type png)
<use images/logo_pxl_digital.png>
Package pdftex.def Info: images/logo_pxl_digital.png  used on input line 5.
(pdftex.def)             Requested size: 230.36061pt x 69.55315pt.
<images/logo_PXL_University_of_applied_sciences_and_arts.png, id=205, 4447.61626pt x 1058.95625pt>
File: images/logo_PXL_University_of_applied_sciences_and_arts.png Graphic file (type png)
<use images/logo_PXL_University_of_applied_sciences_and_arts.png>
Package pdftex.def Info: images/logo_PXL_University_of_applied_sciences_and_arts.png  used on input line 14.
(pdftex.def)             Requested size: 322.50345pt x 76.78447pt.
 (/usr/share/texmf/tex/latex/lm/omllmm.fd) (/usr/share/texmf/tex/latex/lm/omslmsy.fd) (/usr/share/texmf/tex/latex/lm/omxlmex.fd)
Overfull \hbox (30.0pt too wide) in paragraph at lines 27--28
[] 
 []

[1

{/var/lib/texmf/fonts/map/pdftex/updmap/pdftex.map} </home/user/Documents/UAVMASArch/UAVMASArchDocs/eindwerk/images/logo_pxl_digital.png> </home/user/Documents/UAVMASArch/UAVMASArchDocs/eindwerk/images/logo_PXL_University_of_applied_sciences_and_arts.png>])pdfTeX warning (ext4): destination with the same identifier (name{page.i}) has been already used, duplicate ignored
<to be read again> 
                   \relax 
l.56   \blankpage
                  [1] (/home/user/Documents/UAVMASArch/UAVMASArchDocs/eindwerk/titlepage.tex
File: images/logo_pxl_digital.png Graphic file (type png)
<use images/logo_pxl_digital.png>
Package pdftex.def Info: images/logo_pxl_digital.png  used on input line 5.
(pdftex.def)             Requested size: 230.36061pt x 69.55315pt.
File: images/logo_PXL_University_of_applied_sciences_and_arts.png Graphic file (type png)
<use images/logo_PXL_University_of_applied_sciences_and_arts.png>
Package pdftex.def Info: images/logo_PXL_University_of_applied_sciences_and_arts.png  used on input line 14.
(pdftex.def)             Requested size: 322.50345pt x 76.78447pt.

Overfull \hbox (30.0pt too wide) in paragraph at lines 27--28
[] 
 []

pdfTeX warning (ext4): destination with the same identifier (name{page.i}) has been already used, duplicate ignored
<to be read again> 
                   \relax 
l.28 \end{titlepage}
                     [1]) (/home/user/Documents/UAVMASArch/UAVMASArchDocs/eindwerk/sections/Acknowledgements.tex)pdfTeX warning (ext4): destination with the same identifier (name{page.i}) has been already used, duplicate ignored
<to be read again> 
                   \relax 
l.67   \newpage
                [1] (/home/user/Documents/UAVMASArch/UAVMASArchDocs/eindwerk/sections/Abstract.tex) [2] (/home/user/Documents/UAVMASArch/UAVMASArchDocs/eindwerk/eindwerk.toc
Overfull \hbox (9.58443pt too wide) in paragraph at lines 20--20
 [][] [][][]\OT1/lmr/m/n/12 What are the pros and cons of off-the-shelve rapid robot/UAV 
 []

[3])
\tf@toc=\write5
\openout5 = `eindwerk.toc'.

 [4] (/home/user/Documents/UAVMASArch/UAVMASArchDocs/eindwerk/eindwerk.lof)
\tf@lof=\write6
\openout6 = `eindwerk.lof'.

 [5] (/home/user/Documents/UAVMASArch/UAVMASArchDocs/eindwerk/eindwerk.lot)
\tf@lot=\write7
\openout7 = `eindwerk.lot'.

 [6] (/home/user/Documents/UAVMASArch/UAVMASArchDocs/eindwerk/sections/abbreviations.tex) [7] (/home/user/Documents/UAVMASArch/UAVMASArchDocs/eindwerk/sections/Introduction.tex) [1] (/home/user/Documents/UAVMASArch/UAVMASArchDocs/eindwerk/sections/ResearchTopic.tex [2] (/home/user/Documents/UAVMASArch/UAVMASArchDocs/eindwerk/sections/chapters/Research/WhatIsAnAgent.tex
Underfull \hbox (badness 10000) in paragraph at lines 31--1

 []

<images/env-agent.png, id=427, 329.23pt x 193.72375pt>
File: images/env-agent.png Graphic file (type png)
<use images/env-agent.png>
Package pdftex.def Info: images/env-agent.png  used on input line 12.
(pdftex.def)             Requested size: 263.38435pt x 154.9792pt.
LaTeX Font Info:    Trying to load font information for TS1+lmr on input line 29.
(/usr/share/texmf/tex/latex/lm/ts1lmr.fd
File: ts1lmr.fd 2009/10/30 v1.6 Font defs for Latin Modern
) [3 </home/user/Documents/UAVMASArch/UAVMASArchDocs/eindwerk/images/env-agent.png>]) [4] (/home/user/Documents/UAVMASArch/UAVMASArchDocs/eindwerk/sections/chapters/Research/WhatIsMAS.tex
Underfull \hbox (badness 10000) in paragraph at lines 35--1

 []

) [5] (/home/user/Documents/UAVMASArch/UAVMASArchDocs/eindwerk/sections/chapters/Research/WhatIsAMASArch.tex
Underfull \hbox (badness 10000) in paragraph at lines 39--1

 []

<images/teamcommunication.png, id=458, 561.09625pt x 306.14375pt>
File: images/teamcommunication.png Graphic file (type png)
<use images/teamcommunication.png>
Package pdftex.def Info: images/teamcommunication.png  used on input line 9.
(pdftex.def)             Requested size: 336.66034pt x 183.68765pt.
[6 </home/user/Documents/UAVMASArch/UAVMASArchDocs/eindwerk/images/teamcommunication.png>]
<images/coalitions.png, id=467, 288.07625pt x 230.8625pt>
File: images/coalitions.png Graphic file (type png)
<use images/coalitions.png>
Package pdftex.def Info: images/coalitions.png  used on input line 24.
(pdftex.def)             Requested size: 172.84708pt x 138.51855pt.
<images/agentComsClosest.png, id=469, 364.36125pt x 201.75375pt>
File: images/agentComsClosest.png Graphic file (type png)
<use images/agentComsClosest.png>
Package pdftex.def Info: images/agentComsClosest.png  used on input line 37.
(pdftex.def)             Requested size: 218.61842pt x 121.05318pt.
) [7 </home/user/Documents/UAVMASArch/UAVMASArchDocs/eindwerk/images/coalitions.png> </home/user/Documents/UAVMASArch/UAVMASArchDocs/eindwerk/images/agentComsClosest.png>] (/home/user/Documents/UAVMASArch/UAVMASArchDocs/eindwerk/sections/chapters/Research/BlacKBoardCommunication.tex
Underfull \hbox (badness 10000) in paragraph at lines 43--1

 []

<images/blackboard.png, id=480, 283.0575pt x 137.91525pt>
File: images/blackboard.png Graphic file (type png)
<use images/blackboard.png>
Package pdftex.def Info: images/blackboard.png  used on input line 9.
(pdftex.def)             Requested size: 283.0568pt x 137.9149pt.
) [8 </home/user/Documents/UAVMASArch/UAVMASArchDocs/eindwerk/images/blackboard.png>] (/home/user/Documents/UAVMASArch/UAVMASArchDocs/eindwerk/sections/chapters/Research/AdvantageOfMAS.tex
Underfull \hbox (badness 10000) in paragraph at lines 47--1

 []

) (/home/user/Documents/UAVMASArch/UAVMASArchDocs/eindwerk/sections/chapters/Research/ComponentsMAS.tex
Underfull \hbox (badness 10000) in paragraph at lines 50--1

 []

) [9] (/home/user/Documents/UAVMASArch/UAVMASArchDocs/eindwerk/sections/chapters/Research/premadeMASArch.tex
Underfull \hbox (badness 10000) in paragraph at lines 54--1

 []

<images/Subsumption_Architecture_Abstract_Diagram.png, id=499, 616.55344pt x 346.29375pt>
File: images/Subsumption_Architecture_Abstract_Diagram.png Graphic file (type png)
<use images/Subsumption_Architecture_Abstract_Diagram.png>
Package pdftex.def Info: images/Subsumption_Architecture_Abstract_Diagram.png  used on input line 14.
(pdftex.def)             Requested size: 308.27596pt x 173.14644pt.
[10 </home/user/Documents/UAVMASArch/UAVMASArchDocs/eindwerk/images/Subsumption_Architecture_Abstract_Diagram.png>]
<images/FIPA.png, id=509, 372.39125pt x 454.69875pt>
File: images/FIPA.png Graphic file (type png)
<use images/FIPA.png>
Package pdftex.def Info: images/FIPA.png  used on input line 26.
(pdftex.def)             Requested size: 186.19516pt x 227.34882pt.
) [11 </home/user/Documents/UAVMASArch/UAVMASArchDocs/eindwerk/images/FIPA.png>] (/home/user/Documents/UAVMASArch/UAVMASArchDocs/eindwerk/sections/chapters/Research/ProsAndConsPremade.tex
Underfull \hbox (badness 10000) in paragraph at lines 58--1

 []

) [12] (/home/user/Documents/UAVMASArch/UAVMASArchDocs/eindwerk/sections/chapters/Research/ResearchMethod.tex
Underfull \hbox (badness 10000) in paragraph at lines 1--2

 []


Underfull \hbox (badness 10000) in paragraph at lines 11--12

 []

) [13]) (/home/user/Documents/UAVMASArch/UAVMASArchDocs/eindwerk/sections/TraineeshipReport.tex (/home/user/Documents/UAVMASArch/UAVMASArchDocs/eindwerk/sections/chapters/AboutTheCompany.tex) [14] (/home/user/Documents/UAVMASArch/UAVMASArchDocs/eindwerk/sections/technologies.tex (/home/user/Documents/UAVMASArch/UAVMASArchDocs/eindwerk/sections/chapters/Technologies/ROS.tex
<images/ROSLOGO.png, id=539, 1204.5pt x 321.2pt>
File: images/ROSLOGO.png Graphic file (type png)
<use images/ROSLOGO.png>
Package pdftex.def Info: images/ROSLOGO.png  used on input line 3.
(pdftex.def)             Requested size: 240.89574pt x 64.23886pt.
<images/roscore.png, id=549, 374.3586pt x 111.2958pt>
File: images/roscore.png Graphic file (type png)
<use images/roscore.png>
Package pdftex.def Info: images/roscore.png  used on input line 18.
(pdftex.def)             Requested size: 460.72124pt x 136.97621pt.
) [15 </home/user/Documents/UAVMASArch/UAVMASArchDocs/eindwerk/images/ROSLOGO.png> </home/user/Documents/UAVMASArch/UAVMASArchDocs/eindwerk/images/roscore.png>] (/home/user/Documents/UAVMASArch/UAVMASArchDocs/eindwerk/sections/chapters/Technologies/MAVLINK.tex
<images/mavlink.png, id=567, 499.8675pt x 142.5325pt>
File: images/mavlink.png Graphic file (type png)
<use images/mavlink.png>
Package pdftex.def Info: images/mavlink.png  used on input line 10.
(pdftex.def)             Requested size: 399.89453pt x 114.02614pt.
) (/home/user/Documents/UAVMASArch/UAVMASArchDocs/eindwerk/sections/chapters/Technologies/MAVROS.tex) [16 </home/user/Documents/UAVMASArch/UAVMASArchDocs/eindwerk/images/mavlink.png>] (/home/user/Documents/UAVMASArch/UAVMASArchDocs/eindwerk/sections/chapters/Technologies/PX4.tex
<images/px4logo.png, id=590, 455.301pt x 341.3553pt>
File: images/px4logo.png Graphic file (type png)
<use images/px4logo.png>
Package pdftex.def Info: images/px4logo.png  used on input line 8.
(pdftex.def)             Requested size: 136.59134pt x 102.40736pt.
) (/home/user/Documents/UAVMASArch/UAVMASArchDocs/eindwerk/sections/chapters/Technologies/Docker.tex
<images/docker.png, id=594, 444.66125pt x 114.4275pt>
File: images/docker.png Graphic file (type png)
<use images/docker.png>
Package pdftex.def Info: images/docker.png  used on input line 7.
(pdftex.def)             Requested size: 177.86134pt x 45.77019pt.
) [17 </home/user/Documents/UAVMASArch/UAVMASArchDocs/eindwerk/images/px4logo.png> </home/user/Documents/UAVMASArch/UAVMASArchDocs/eindwerk/images/docker.png>] (/home/user/Documents/UAVMASArch/UAVMASArchDocs/eindwerk/sections/chapters/Technologies/Gazebo.tex
<images/gazebo.png, id=612, 513.92pt x 245.91875pt>
File: images/gazebo.png Graphic file (type png)
<use images/gazebo.png>
Package pdftex.def Info: images/gazebo.png  used on input line 10.
(pdftex.def)             Requested size: 308.35437pt x 147.55237pt.
<images/gazebo_full_screen.png, id=614, 1857.94125pt x 1053.9375pt>
File: images/gazebo_full_screen.png Graphic file (type png)
<use images/gazebo_full_screen.png>
Package pdftex.def Info: images/gazebo_full_screen.png  used on input line 16.
(pdftex.def)             Requested size: 371.58167pt x 210.78377pt.
 [18 </home/user/Documents/UAVMASArch/UAVMASArchDocs/eindwerk/images/gazebo.png> </home/user/Documents/UAVMASArch/UAVMASArchDocs/eindwerk/images/gazebo_full_screen.png>]) (/home/user/Documents/UAVMASArch/UAVMASArchDocs/eindwerk/sections/chapters/Technologies/Python.tex
<images/python.png, id=627, 1492.57625pt x 647.41875pt>
File: images/python.png Graphic file (type png)
<use images/python.png>
Package pdftex.def Info: images/python.png  used on input line 8.
(pdftex.def)             Requested size: 460.72124pt x 199.83827pt.
)) [19 </home/user/Documents/UAVMASArch/UAVMASArchDocs/eindwerk/images/python.png>] (/home/user/Documents/UAVMASArch/UAVMASArchDocs/eindwerk/sections/Implementation.tex (/home/user/Documents/UAVMASArch/UAVMASArchDocs/eindwerk/sections/chapters/Implementation/IrisDrone.tex
Package acronym Info: Label `acro:os' newly defined as it shall be overridden
although it is yet undefined on input line 5.
Package acronym Info: Label `acro:gps' newly defined as it shall be overridden
although it is yet undefined on input line 7.
<images/iris.jpg, id=645, 602.25pt x 462.72874pt>
File: images/iris.jpg Graphic file (type jpg)
<use images/iris.jpg>
Package pdftex.def Info: images/iris.jpg  used on input line 11.
(pdftex.def)             Requested size: 240.89572pt x 185.08821pt.
Package acronym Info: Label `acro:uav' newly defined as it shall be overridden
although it is yet undefined on input line 16.
) [20 </home/user/Documents/UAVMASArch/UAVMASArchDocs/eindwerk/images/iris.jpg>] (/home/user/Documents/UAVMASArch/UAVMASArchDocs/eindwerk/sections/chapters/Implementation/AgentImplementation.tex
LaTeX Font Info:    Trying to load font information for OT1+lmtt on input line 5.
 (/usr/share/texmf/tex/latex/lm/ot1lmtt.fd
File: ot1lmtt.fd 2009/10/30 v1.6 Font defs for Latin Modern
) [21]) [22] (/home/user/Documents/UAVMASArch/UAVMASArchDocs/eindwerk/sections/chapters/Implementation/Simulation.tex
<images/dockerscheme.png, id=695, 753.81625pt x 753.81625pt>
File: images/dockerscheme.png Graphic file (type png)
<use images/dockerscheme.png>
Package pdftex.def Info: images/dockerscheme.png  used on input line 12.
(pdftex.def)             Requested size: 339.21419pt x 339.21419pt.
 [23 </home/user/Documents/UAVMASArch/UAVMASArchDocs/eindwerk/images/dockerscheme.png>] [24]
<images/RVIZ.png, id=735, 1443.3925pt x 863.225pt>
File: images/RVIZ.png Graphic file (type png)
<use images/RVIZ.png>
Package pdftex.def Info: images/RVIZ.png  used on input line 73.
(pdftex.def)             Requested size: 288.67339pt x 172.64194pt.
) [25 </home/user/Documents/UAVMASArch/UAVMASArchDocs/eindwerk/images/RVIZ.png>] (/home/user/Documents/UAVMASArch/UAVMASArchDocs/eindwerk/sections/chapters/Implementation/BlackboardImplementation.tex) [26] (/home/user/Documents/UAVMASArch/UAVMASArchDocs/eindwerk/sections/chapters/Implementation/ObjectDetection.tex) [27] (/home/user/Documents/UAVMASArch/UAVMASArchDocs/eindwerk/sections/chapters/Implementation/ControllingAgents.tex) [28] (/home/user/Documents/UAVMASArch/UAVMASArchDocs/eindwerk/sections/chapters/Implementation/DockerSwarm.tex
Overfull \hbox (39.45401pt too wide) in paragraph at lines 41--41
[]\OT1/lmtt/m/n/12 IP=$(docker inspect -f '{{range .NetworkSettings.Networks}}{{.IPAddress}}{{end}}'[] 
 []

[29]) [30] (/home/user/Documents/UAVMASArch/UAVMASArchDocs/eindwerk/sections/chapters/FutureWork.tex))) [31] (/home/user/Documents/UAVMASArch/UAVMASArchDocs/eindwerk/sections/conclusion.tex) [32] (/home/user/Documents/UAVMASArch/UAVMASArchDocs/eindwerk/eindwerk.bbl
Underfull \hbox (badness 1515) in paragraph at lines 76--79
[]\OT1/lmr/m/n/12 S. J. Vaughan-Nichols, 31/04/2020.  URL [][]$\OT1/lmtt/m/n/12 https : / / www . zdnet . com / article /
 []

[33]
Underfull \hbox (badness 10000) in paragraph at lines 98--100
[]\OT1/lmr/m/n/12 R. wiki, 31/05/2020.  URL [][]$\OT1/lmtt/m/n/12 http : / / wiki . ros . org / ROS / Tutorials /
 []

) [34] [35] [36] [37]
Package atveryend Info: Empty hook `BeforeClearDocument' on input line 120.
 [38]
Package atveryend Info: Empty hook `AfterLastShipout' on input line 120.
 (/home/user/Documents/UAVMASArch/UAVMASArchDocs/eindwerk/eindwerk.aux)
Package atveryend Info: Executing hook `AtVeryEndDocument' on input line 120.
Package atveryend Info: Executing hook `AtEndAfterFileList' on input line 120.
Package rerunfilecheck Info: File `eindwerk.out' has not changed.
(rerunfilecheck)             Checksum: CAA1F9C89E68D8FD7B9F1F05E15AE9EC;3702.
 ) 
Here is how much of TeX's memory you used:
 9261 strings out of 482938
 144384 string characters out of 5960546
 417741 words of memory out of 5000000
 24006 multiletter control sequences out of 15000+600000
 573448 words of font info for 46 fonts, out of 8000000 for 9000
 14 hyphenation exceptions out of 8191
 34i,12n,45p,1253b,537s stack positions out of 5000i,500n,10000p,200000b,80000s
pdfTeX warning (dest): name{Hfootnote.18} has been referenced but does not exist, replaced by a fixed one

pdfTeX warning (dest): name{Hfootnote.17} has been referenced but does not exist, replaced by a fixed one

pdfTeX warning (dest): name{Hfootnote.16} has been referenced but does not exist, replaced by a fixed one

pdfTeX warning (dest): name{Hfootnote.15} has been referenced but does not exist, replaced by a fixed one

pdfTeX warning (dest): name{Hfootnote.14} has been referenced but does not exist, replaced by a fixed one

pdfTeX warning (dest): name{Hfootnote.13} has been referenced but does not exist, replaced by a fixed one

pdfTeX warning (dest): name{Hfootnote.12} has been referenced but does not exist, replaced by a fixed one

pdfTeX warning (dest): name{Hfootnote.11} has been referenced but does not exist, replaced by a fixed one

pdfTeX warning (dest): name{Hfootnote.10} has been referenced but does not exist, replaced by a fixed one

pdfTeX warning (dest): name{Hfootnote.9} has been referenced but does not exist, replaced by a fixed one

pdfTeX warning (dest): name{Hfootnote.8} has been referenced but does not exist, replaced by a fixed one

pdfTeX warning (dest): name{Hfootnote.7} has been referenced but does not exist, replaced by a fixed one

pdfTeX warning (dest): name{Hfootnote.6} has been referenced but does not exist, replaced by a fixed one

pdfTeX warning (dest): name{Hfootnote.5} has been referenced but does not exist, replaced by a fixed one

pdfTeX warning (dest): name{Hfootnote.4} has been referenced but does not exist, replaced by a fixed one

pdfTeX warning (dest): name{Hfootnote.3} has been referenced but does not exist, replaced by a fixed one

pdfTeX warning (dest): name{Hfootnote.2} has been referenced but does not exist, replaced by a fixed one

pdfTeX warning (dest): name{Hfootnote.1} has been referenced but does not exist, replaced by a fixed one

{/usr/share/texmf/fonts/enc/dvips/lm/lm-rm.enc}{/usr/share/texmf/fonts/enc/dvips/lm/lm-rmtt.enc}{/usr/share/texmf/fonts/enc/dvips/lm/lm-ts1.enc}</usr/share/texmf/fonts/type1/public/lm/lmbx12.pfb></usr/share/texmf/fonts/type1/public/lm/lmbxi10.pfb></usr/share/texmf/fonts/type1/public/lm/lmr12.pfb></usr/share/texmf/fonts/type1/public/lm/lmr8.pfb></usr/share/texmf/fonts/type1/public/lm/lmri12.pfb></usr/share/texmf/fonts/type1/public/lm/lmtt12.pfb>
Output written on /home/user/Documents/UAVMASArch/UAVMASArchDocs/eindwerk/eindwerk.pdf (48 pages, 1084446 bytes).
PDF statistics:
 943 PDF objects out of 1000 (max. 8388607)
 841 compressed objects within 9 object streams
 181 named destinations out of 1000 (max. 500000)
 509 words of extra memory for PDF output out of 10000 (max. 10000000)

